<?xml version="1.0" encoding="UTF-8"?>
<!-- Generated by org.testng.reporters.JUnitReportReporter -->
<testsuite skipped="0" hostname="DESKTOP-7BN1PCM" name="tests.RedBushomePageTest" tests="1" failures="0" timestamp="11 Jul 2020 11:51:08 GMT" time="15.405" errors="0">
  <testcase name="bookTicketForRedBus" time="15.405" classname="tests.RedBushomePageTest"/>
</testsuite> <!-- tests.RedBushomePageTest -->
